app/android-agent/app/build/intermediates/manifest_merge_blame_file/debug/processDebugMainManifest/manifest-merger-blame-debug-report.txt
1<?xml version="1.0" encoding="utf-8"?>
2<manifest xmlns:android="http://schemas.android.com/apk/res/android"
3    package="com.autosdk.agent"
4    android:versionCode="1"
5    android:versionName="0.1.0" >
6
7    <uses-sdk
8        android:minSdkVersion="26"
9        android:targetSdkVersion="34" />
10
11    <uses-permission android:name="android.permission.INTERNET" />
11-->src/main/AndroidManifest.xml:4:5-67
11-->src/main/AndroidManifest.xml:4:22-64
12    <uses-permission android:name="android.permission.RECEIVE_BOOT_COMPLETED" />
12-->src/main/AndroidManifest.xml:5:5-81
12-->src/main/AndroidManifest.xml:5:22-78
13    <uses-permission android:name="android.permission.FOREGROUND_SERVICE" />
13-->src/main/AndroidManifest.xml:6:5-77
13-->src/main/AndroidManifest.xml:6:22-74
14
15    <application
15-->src/main/AndroidManifest.xml:8:5-35:19
16        android:allowBackup="false"
16-->src/main/AndroidManifest.xml:9:9-36
17        android:debuggable="true"
18        android:extractNativeLibs="false"
19        android:label="@string/app_name"
19-->src/main/AndroidManifest.xml:10:9-41
20        android:usesCleartextTraffic="true" >
20-->src/debug/AndroidManifest.xml:4:18-53
21        <receiver
21-->src/main/AndroidManifest.xml:12:9-20:20
22            android:name="com.autosdk.agent.boot.BootCompletedReceiver"
22-->src/main/AndroidManifest.xml:13:13-55
23            android:enabled="true"
23-->src/main/AndroidManifest.xml:14:13-35
24            android:exported="false" >
24-->src/main/AndroidManifest.xml:15:13-37
25            <intent-filter>
25-->src/main/AndroidManifest.xml:16:13-19:29
26                <action android:name="android.intent.action.BOOT_COMPLETED" />
26-->src/main/AndroidManifest.xml:17:17-79
26-->src/main/AndroidManifest.xml:17:25-76
27                <action android:name="android.intent.action.MY_PACKAGE_REPLACED" />
27-->src/main/AndroidManifest.xml:18:17-84
27-->src/main/AndroidManifest.xml:18:25-81
28            </intent-filter>
29        </receiver>
30
31        <service
31-->src/main/AndroidManifest.xml:22:9-33:19
32            android:name="com.autosdk.agent.service.AgentAccessibilityService"
32-->src/main/AndroidManifest.xml:23:13-62
33            android:enabled="true"
33-->src/main/AndroidManifest.xml:24:13-35
34            android:exported="false"
34-->src/main/AndroidManifest.xml:25:13-37
35            android:permission="android.permission.BIND_ACCESSIBILITY_SERVICE" >
35-->src/main/AndroidManifest.xml:26:13-79
36            <intent-filter>
36-->src/main/AndroidManifest.xml:27:13-29:29
37                <action android:name="android.accessibilityservice.AccessibilityService" />
37-->src/main/AndroidManifest.xml:28:17-92
37-->src/main/AndroidManifest.xml:28:25-89
38            </intent-filter>
39
40            <meta-data
40-->src/main/AndroidManifest.xml:30:13-32:72
41                android:name="android.accessibilityservice"
41-->src/main/AndroidManifest.xml:31:17-60
42                android:resource="@xml/accessibility_service_config" />
42-->src/main/AndroidManifest.xml:32:17-69
43        </service>
44    </application>
45
46</manifest>